0 info it worked if it ends with ok
1 verbose cli [ 'C:\\Program Files\\nodejs\\node.exe',
1 verbose cli   'C:\\Program Files\\nodejs\\node_modules\\npm\\bin\\npm-cli.js',
1 verbose cli   'start' ]
2 info using npm@4.0.5
3 info using node@v7.4.0
4 verbose run-script [ 'prestart', 'start', 'poststart' ]
5 info lifecycle colander.recipes@1.0.0~prestart: colander.recipes@1.0.0
6 silly lifecycle colander.recipes@1.0.0~prestart: no script for prestart, continuing
7 info lifecycle colander.recipes@1.0.0~start: colander.recipes@1.0.0
8 verbose lifecycle colander.recipes@1.0.0~start: unsafe-perm in lifecycle true
9 verbose lifecycle colander.recipes@1.0.0~start: PATH: C:\Program Files\nodejs\node_modules\npm\bin\node-gyp-bin;C:\Users\riaca\Documents\GitHub\colander.recipes\node_modules\.bin;C:\WINDOWS\system32;C:\WINDOWS;C:\WINDOWS\System32\Wbem;C:\WINDOWS\System32\WindowsPowerShell\v1.0\;C:\Program Files (x86)\Skype\Phone\;C:\Program Files\nodejs\;C:\Program Files\Git\cmd;C:\Ruby23-x64\bin;C:\Users\riaca\AppData\Roaming\Dashlane\4.6.0.17042\bin\Firefox_Extension\{442718d9-475e-452a-b3e1-fb1ee16b8e9f}\components;C:\Users\riaca\AppData\Local\Microsoft\WindowsApps;C:\Users\riaca\AppData\Roaming\Dashlane\4.6.2.19264\bin\Firefox_Extension\{442718d9-475e-452a-b3e1-fb1ee16b8e9f}\components;C:\Users\riaca\AppData\Roaming\Dashlane\4.6.3.20239\bin\Firefox_Extension\{442718d9-475e-452a-b3e1-fb1ee16b8e9f}\components;C:\Users\riaca\AppData\Roaming\Dashlane\4.6.4.21286\bin\Firefox_Extension\{442718d9-475e-452a-b3e1-fb1ee16b8e9f}\components;C:\Users\riaca\AppData\Roaming\Dashlane\4.6.5.21982\bin\Firefox_Extension\{442718d9-475e-452a-b3e1-fb1ee16b8e9f}\components;C:\Users\riaca\AppData\Roaming\Dashlane\4.6.6.23032\bin\Firefox_Extension\{442718d9-475e-452a-b3e1-fb1ee16b8e9f}\components;C:\Program Files (x86)\Microsoft VS Code\bin;C:\Users\riaca\AppData\Roaming\npm;C:\Users\riaca\AppData\Roaming\Dashlane\4.7.1.28603\bin\Firefox_Extension\{442718d9-475e-452a-b3e1-fb1ee16b8e9f}\components;
10 verbose lifecycle colander.recipes@1.0.0~start: CWD: C:\Users\riaca\Documents\GitHub\colander.recipes
11 silly lifecycle colander.recipes@1.0.0~start: Args: [ '/d /s /c', 'webpack' ]
12 silly lifecycle colander.recipes@1.0.0~start: Returned: code: 2  signal: null
13 info lifecycle colander.recipes@1.0.0~start: Failed to exec start script
14 verbose stack Error: colander.recipes@1.0.0 start: `webpack`
14 verbose stack Exit status 2
14 verbose stack     at EventEmitter.<anonymous> (C:\Program Files\nodejs\node_modules\npm\lib\utils\lifecycle.js:279:16)
14 verbose stack     at emitTwo (events.js:106:13)
14 verbose stack     at EventEmitter.emit (events.js:191:7)
14 verbose stack     at ChildProcess.<anonymous> (C:\Program Files\nodejs\node_modules\npm\lib\utils\spawn.js:40:14)
14 verbose stack     at emitTwo (events.js:106:13)
14 verbose stack     at ChildProcess.emit (events.js:191:7)
14 verbose stack     at maybeClose (internal/child_process.js:885:16)
14 verbose stack     at Process.ChildProcess._handle.onexit (internal/child_process.js:226:5)
15 verbose pkgid colander.recipes@1.0.0
16 verbose cwd C:\Users\riaca\Documents\GitHub\colander.recipes
17 error Windows_NT 10.0.15063
18 error argv "C:\\Program Files\\nodejs\\node.exe" "C:\\Program Files\\nodejs\\node_modules\\npm\\bin\\npm-cli.js" "start"
19 error node v7.4.0
20 error npm  v4.0.5
21 error code ELIFECYCLE
22 error colander.recipes@1.0.0 start: `webpack`
22 error Exit status 2
23 error Failed at the colander.recipes@1.0.0 start script 'webpack'.
23 error Make sure you have the latest version of node.js and npm installed.
23 error If you do, this is most likely a problem with the colander.recipes package,
23 error not with npm itself.
23 error Tell the author that this fails on your system:
23 error     webpack
23 error You can get information on how to open an issue for this project with:
23 error     npm bugs colander.recipes
23 error Or if that isn't available, you can get their info via:
23 error     npm owner ls colander.recipes
23 error There is likely additional logging output above.
24 verbose exit [ 1, true ]
